<?xml version="1.0" encoding="UTF-8"?>
<testsuite xmlns:xsi="http://www.w3.org/2001/XMLSchema-instance" xsi:noNamespaceSchemaLocation="https://maven.apache.org/surefire/maven-surefire-plugin/xsd/surefire-test-report-3.0.xsd" version="3.0" name="io.valentinsoare.rianamonitoringapi.RianaMonitoringDefaultValuesApiApplicationTests" time="11.476" tests="1" errors="0" skipped="0" failures="0">
  <properties>
[...]
</properties>
  <testcase name="contextLoads" classname="io.valentinsoare.rianamonitoringapi.RianaMonitoringDefaultValuesApiApplicationTests" time="1.93">
    <system-out><![CDATA[21:15:19.436 [main] INFO org.springframework.test.context.support.AnnotationConfigContextLoaderUtils -- Could not detect default configuration classes for test class [io.valentinsoare.rianamonitoringapi.RianaMonitoringDefaultValuesApiApplicationTests]: RianaMonitoringDefaultValuesApiApplicationTests does not declare any static, non-private, non-final, nested classes annotated with @Configuration.
21:15:19.785 [main] INFO org.springframework.boot.test.context.SpringBootTestContextBootstrapper -- Found @SpringBootConfiguration io.valentinsoare.rianamonitoringapi.RianaMonitoringApiApplication for test class io.valentinsoare.rianamonitoringapi.RianaMonitoringDefaultValuesApiApplicationTests
    &amp#27;[32m
    __________ .__                             _____                   .__   __                 .__
    \______   \|__|_____     ____  _____      /     \    ____    ____  |__|_/  |_  ____ _______ |__|  ____    ____
     |       _/|  |\__  \   /    \ \__  \    /  \ /  \  /  _ \  /    \ |  |\   __\/  _ \\_  __ \|  | /    \  / ___\
     |    |   \|  | / __ \_|   |  \ / __ \_ /    Y    \(  <_> )|   |  \|  | |  | (  <_> )|  | \/|  ||   |  \/ /_/  >
     |____|_  /|__|(____  /|___|  /(____  / \____|__  / \____/ |___|  /|__| |__|  \____/ |__|   |__||___|  /\___  /
            \/          \/      \/      \/          \/              \/                                   \//_____/
                                                                                                              v0.0.1

21:15:22.051 [background-preinit] INFO  o.h.validator.internal.util.Version - HV000001: Hibernate Validator 8.0.1.Final
21:15:22.139 [main] INFO  i.v.r.RianaMonitoringDefaultValuesApiApplicationTests - Starting RianaMonitoringDefaultValuesApiApplicationTests using Java 21.0.6 with PID 13453 (started by vsoare in /mnt/c/Users/U6101721/Documents/Work/Riana/riana_monitoring)
21:15:22.140 [main] INFO  i.v.r.RianaMonitoringDefaultValuesApiApplicationTests - The following 1 profile is active: "dev"
21:15:27.734 [main] DEBUG o.s.w.r.r.m.a.RequestMappingHandlerMapping - 11 mappings in 'requestMappingHandlerMapping'
21:15:27.761 [main] DEBUG o.s.w.r.h.SimpleUrlHandlerMapping - Patterns [/webjars/**, /**, /api/v1/riana/monitoring/webjars/**] in 'resourceHandlerMapping'
21:15:28.107 [main] DEBUG o.s.w.r.r.m.a.ControllerMethodResolver - ControllerAdvice beans: 0 @ModelAttribute, 0 @InitBinder, 2 @ExceptionHandler
21:15:28.210 [main] DEBUG o.s.w.s.a.HttpWebHandlerAdapter - enableLoggingRequestDetails='false': form data and headers will be masked to prevent unsafe logging of potentially sensitive data
21:15:28.542 [main] INFO  i.v.r.RianaMonitoringDefaultValuesApiApplicationTests - Started RianaMonitoringDefaultValuesApiApplicationTests in 8.296 seconds (process running for 10.387)
]]></system-out>
    <system-err><![CDATA[WARNING: A Java agent has been loaded dynamically (/home/vsoare/.m2/repository/net/bytebuddy/byte-buddy-agent/1.14.10/byte-buddy-agent-1.14.10.jar)
WARNING: If a serviceability tool is in use, please run with -XX:+EnableDynamicAgentLoading to hide this warning
WARNING: If a serviceability tool is not in use, please run with -Djdk.instrument.traceUsage for more information
WARNING: Dynamic loading of agents will be disallowed by default in a future release
]]></system-err>
  </testcase>
</testsuite>